{
  "RSpec": {
    "coverage": {
      "/home/pancho/tic-tac-toe-rb-online-web-sp-000/lib/tic_tac_toe.rb": [
        null,
        1,
        null,
        null,
        null,
        null,
        null,
        null,
        null,
        null,
        null,
        1,
        12,
        5,
        3,
        2,
        2,
        null,
        null,
        null,
        1,
        1,
        5,
        5,
        5,
        5,
        5,
        null,
        null,
        1,
        66160,
        null,
        null,
        1,
        3,
        null,
        null,
        1,
        56895,
        null,
        null,
        1,
        66158,
        56844,
        null,
        null,
        null,
        null,
        null,
        null,
        1,
        66166,
        66158,
        66157,
        66157,
        0,
        0,
        null,
        66157,
        null,
        null,
        null,
        null,
        1,
        20,
        null,
        null,
        1,
        1,
        null,
        null,
        null,
        1,
        34,
        204,
        null,
        null,
        null,
        null,
        null,
        null,
        1,
        90,
        null,
        null,
        null,
        1,
        13,
        null,
        null,
        null,
        1,
        11,
        null,
        null,
        null,
        1,
        6,
        5,
        null,
        null
      ]
    },
    "timestamp": 1570189017
  }
}
